{"type":"operationStart","subtype":"profile","data":{"_id":"mK2I7iBPV3cpBpM1","timestamp":"2023-02-20T03:17:53.732Z","state":"queued","mode":"standard","creationDate":"2023-02-20T03:17:53.786Z","modificationDate":"2023-02-20T03:17:53.786Z","shortid":"RlKPzQP","$entitySet":"profiles"},"doDiffs":false,"timestamp":1676863073784,"id":"t1xm3fu61r0h5cz","previousOperationId":null,"operationId":"cx2st1fadcg7b31"}
{"type":"log","level":"info","message":"Render request 1 queued for execution and waiting for available worker","previousOperationId":"cx2st1fadcg7b31","timestamp":1676863073784,"id":"7s2uhlbn9xpqyiw"}
{"type":"operationStart","subtype":"render","name":"anonymous","previousOperationId":"cx2st1fadcg7b31","timestamp":1676863073950,"id":"zmqlql6ct7ywpl8","previousEventId":"t1xm3fu61r0h5cz","operationId":"yfbb3aniwixcvvy"}
{"type":"log","timestamp":1676863073953,"level":"info","message":"Starting rendering request 1","meta":{"rootId":"ggnbg1v5u2co6ct","id":"ggnbg1v5u2co6ct"},"id":"ybm0k5dklgw3xnh","previousOperationId":"yfbb3aniwixcvvy"}
{"type":"log","timestamp":1676863073957,"level":"info","message":"Rendering anonymous template { recipe: chrome-pdf, engine: handlebars }","meta":{"rootId":"ggnbg1v5u2co6ct","id":"ggnbg1v5u2co6ct"},"id":"q6r0bbkcpejx988","previousOperationId":"yfbb3aniwixcvvy"}
{"type":"log","timestamp":1676863073958,"level":"debug","message":"Inline data specified.","meta":{"rootId":"ggnbg1v5u2co6ct","id":"ggnbg1v5u2co6ct"},"id":"c0oiirzs9b0kx98","previousOperationId":"yfbb3aniwixcvvy"}
{"type":"log","timestamp":1676863074079,"level":"debug","message":"Base url not specified, skipping its injection.","meta":{"rootId":"ggnbg1v5u2co6ct","id":"ggnbg1v5u2co6ct"},"id":"gs20bnvil3uetli","previousOperationId":"yfbb3aniwixcvvy"}
{"type":"operationStart","subtype":"engine","name":"handlebars","timestamp":1676863074084,"id":"gdisgmu3l54h5q2","previousEventId":"zmqlql6ct7ywpl8","operationId":"n9gjlrmsl7z4quf","previousOperationId":"yfbb3aniwixcvvy"}
{"type":"log","timestamp":1676863074084,"level":"debug","message":"Rendering engine handlebars","meta":{"rootId":"ggnbg1v5u2co6ct","id":"ggnbg1v5u2co6ct"},"id":"fb9wp67de6vdya9","previousOperationId":"n9gjlrmsl7z4quf"}
{"type":"operationEnd","operationId":"n9gjlrmsl7z4quf","timestamp":1676863078030,"id":"74s5a5jxsrr33ax","previousEventId":"gdisgmu3l54h5q2","previousOperationId":"n9gjlrmsl7z4quf"}
{"type":"operationStart","subtype":"recipe","name":"chrome-pdf","timestamp":1676863078035,"id":"m8ou6kzxqaoof3y","previousEventId":"74s5a5jxsrr33ax","operationId":"wfryt4etwuxbt93","previousOperationId":"n9gjlrmsl7z4quf"}
{"type":"log","timestamp":1676863078035,"level":"debug","message":"Executing recipe chrome-pdf","meta":{"rootId":"ggnbg1v5u2co6ct","id":"ggnbg1v5u2co6ct"},"id":"q9y8joyn66o43jf","previousOperationId":"wfryt4etwuxbt93"}
{"type":"log","timestamp":1676863081548,"level":"debug","message":"Converting with chrome HeadlessChrome/105.0.5173.0 using chrome-pool strategy","meta":{"rootId":"ggnbg1v5u2co6ct","id":"ggnbg1v5u2co6ct"},"id":"amckp70cud3wqrw","previousOperationId":"wfryt4etwuxbt93"}
{"type":"log","timestamp":1676863083799,"level":"debug","message":"Page request: GET (document) file:///C:/Users/angelo/AppData/Local/Temp/jsreport/autocleanup/1524e007-2149-4c05-9c81-a4dde06d67d7-chrome-pdf.html","meta":{"rootId":"ggnbg1v5u2co6ct","id":"ggnbg1v5u2co6ct"},"id":"ym3j99eit8ptpzz","previousOperationId":"wfryt4etwuxbt93"}
{"type":"log","timestamp":1676863084489,"level":"debug","message":"Page request finished: GET (document) 200 file:///C:/Users/angelo/AppData/Local/Temp/jsreport/autocleanup/1524e007-2149-4c05-9c81-a4dde06d67d7-chrome-pdf.html","meta":{"rootId":"ggnbg1v5u2co6ct","id":"ggnbg1v5u2co6ct"},"id":"d2y6ahm2qusmoeo","previousOperationId":"wfryt4etwuxbt93"}
{"type":"log","timestamp":1676863084617,"level":"debug","message":"Page request: GET (script) file:///C:/Users/angelo/AppData/Local/Temp/jsreport/autocleanup/data.json","meta":{"rootId":"ggnbg1v5u2co6ct","id":"ggnbg1v5u2co6ct"},"id":"gqi9jtxb11pssb8","previousOperationId":"wfryt4etwuxbt93"}
{"type":"log","timestamp":1676863084695,"level":"warn","message":"Page request failed: GET (script) file:///C:/Users/angelo/AppData/Local/Temp/jsreport/autocleanup/data.json, failure: net::ERR_ACCESS_DENIED","meta":{"rootId":"ggnbg1v5u2co6ct","id":"ggnbg1v5u2co6ct"},"id":"0qlw1838osu04oh","previousOperationId":"wfryt4etwuxbt93"}
{"type":"log","timestamp":1676863084697,"level":"debug","message":"(console:error) Failed to load resource: net::ERR_ACCESS_DENIED","meta":{"userLevel":true,"rootId":"ggnbg1v5u2co6ct","id":"ggnbg1v5u2co6ct"},"id":"yz9k79fzcshpzy6","previousOperationId":"wfryt4etwuxbt93"}
{"type":"log","timestamp":1676863084727,"level":"warn","message":"Page error: ReferenceError: jsonData is not defined\n    at file:///C:/Users/angelo/AppData/Local/Temp/jsreport/autocleanup/1524e007-2149-4c05-9c81-a4dde06d67d7-chrome-pdf.html:7:44","meta":{"rootId":"ggnbg1v5u2co6ct","id":"ggnbg1v5u2co6ct"},"id":"d4caz66tzyxdrkg","previousOperationId":"wfryt4etwuxbt93"}
{"type":"log","timestamp":1676863084728,"level":"warn","message":"Page error: ReferenceError: formattedData is not defined\n    at file:///C:/Users/angelo/AppData/Local/Temp/jsreport/autocleanup/1524e007-2149-4c05-9c81-a4dde06d67d7-chrome-pdf.html:15:32","meta":{"rootId":"ggnbg1v5u2co6ct","id":"ggnbg1v5u2co6ct"},"id":"66ylm9x0nuhp8jd","previousOperationId":"wfryt4etwuxbt93"}
{"type":"log","timestamp":1676863084973,"level":"debug","message":"Running chrome with params {\"timeout\":54985,\"margin\":{},\"printBackground\":true}","meta":{"rootId":"ggnbg1v5u2co6ct","id":"ggnbg1v5u2co6ct"},"id":"vsnhck6r2b8zgh2","previousOperationId":"wfryt4etwuxbt93"}
{"type":"operationEnd","operationId":"wfryt4etwuxbt93","timestamp":1676863085614,"id":"p38xa65atkt2au5","previousEventId":"m8ou6kzxqaoof3y","previousOperationId":"wfryt4etwuxbt93"}
{"type":"log","timestamp":1676863085616,"level":"debug","message":"Skipping storing report.","meta":{"rootId":"ggnbg1v5u2co6ct","id":"ggnbg1v5u2co6ct"},"id":"82jpwww1o3clt4h","previousOperationId":"wfryt4etwuxbt93"}
{"type":"log","timestamp":1676863085618,"level":"info","message":"Rendering request 1 finished in 11888 ms","meta":{"rootId":"ggnbg1v5u2co6ct","id":"ggnbg1v5u2co6ct"},"id":"chzg2p1bqclb8nl","previousOperationId":"wfryt4etwuxbt93"}
{"type":"operationEnd","subtype":"render","operationId":"yfbb3aniwixcvvy","timestamp":1676863085618,"id":"2kuraod3wudke7o","previousEventId":"p38xa65atkt2au5","previousOperationId":"wfryt4etwuxbt93"}
{"type":"operationEnd","doDiffs":false,"previousEventId":"t1xm3fu61r0h5cz","previousOperationId":"cx2st1fadcg7b31","operationId":"cx2st1fadcg7b31","timestamp":1676863085636,"id":"9ystvso4a8qjuba"}
