{"type":"operationStart","subtype":"profile","data":{"_id":"5mt1xTzWZiMIKIK3","timestamp":"2023-02-20T05:12:31.063Z","state":"queued","mode":"standard","creationDate":"2023-02-20T05:12:31.074Z","modificationDate":"2023-02-20T05:12:31.074Z","shortid":"o--zK4-","$entitySet":"profiles"},"doDiffs":false,"timestamp":1676869951072,"id":"pjsygji64zm0xe0","previousOperationId":null,"operationId":"l57iiiix8c51blx"}
{"type":"log","level":"info","message":"Render request 1 queued for execution and waiting for available worker","previousOperationId":"l57iiiix8c51blx","timestamp":1676869951072,"id":"btwbf0cng24c2x3"}
{"type":"operationStart","subtype":"render","name":"anonymous","previousOperationId":"l57iiiix8c51blx","timestamp":1676869951211,"id":"2p04ipipfx25665","previousEventId":"pjsygji64zm0xe0","operationId":"1k8vc087i9kdxz5"}
{"type":"log","timestamp":1676869951219,"level":"info","message":"Starting rendering request 1","meta":{"rootId":"gycc2czilzq3gpr","id":"gycc2czilzq3gpr"},"id":"xgwgm1efiot0t1t","previousOperationId":"1k8vc087i9kdxz5"}
{"type":"log","timestamp":1676869951223,"level":"info","message":"Rendering anonymous template { recipe: chrome-pdf, engine: handlebars }","meta":{"rootId":"gycc2czilzq3gpr","id":"gycc2czilzq3gpr"},"id":"jm6m2vgzsvt4xno","previousOperationId":"1k8vc087i9kdxz5"}
{"type":"log","timestamp":1676869951224,"level":"debug","message":"Inline data specified.","meta":{"rootId":"gycc2czilzq3gpr","id":"gycc2czilzq3gpr"},"id":"h4f8wu9dwxmhmrq","previousOperationId":"1k8vc087i9kdxz5"}
{"type":"log","timestamp":1676869951250,"level":"debug","message":"Base url not specified, skipping its injection.","meta":{"rootId":"gycc2czilzq3gpr","id":"gycc2czilzq3gpr"},"id":"luiuv91fqrlz5od","previousOperationId":"1k8vc087i9kdxz5"}
{"type":"operationStart","subtype":"engine","name":"handlebars","timestamp":1676869951254,"id":"qedi3041rwajw9u","previousEventId":"2p04ipipfx25665","operationId":"edwe7d15f9erjh0","previousOperationId":"1k8vc087i9kdxz5"}
{"type":"log","timestamp":1676869951254,"level":"debug","message":"Rendering engine handlebars","meta":{"rootId":"gycc2czilzq3gpr","id":"gycc2czilzq3gpr"},"id":"0cwkvp3oheo6tbz","previousOperationId":"edwe7d15f9erjh0"}
{"type":"operationEnd","operationId":"edwe7d15f9erjh0","timestamp":1676869953800,"id":"mcgcqawzriwb0fa","previousEventId":"qedi3041rwajw9u","previousOperationId":"edwe7d15f9erjh0"}
{"type":"operationStart","subtype":"recipe","name":"chrome-pdf","timestamp":1676869953806,"id":"fxmis0nxmr67p5d","previousEventId":"mcgcqawzriwb0fa","operationId":"huk84piwu3ehy9e","previousOperationId":"edwe7d15f9erjh0"}
{"type":"log","timestamp":1676869953806,"level":"debug","message":"Executing recipe chrome-pdf","meta":{"rootId":"gycc2czilzq3gpr","id":"gycc2czilzq3gpr"},"id":"efcawfnpehz6pe6","previousOperationId":"huk84piwu3ehy9e"}
{"type":"log","timestamp":1676869956618,"level":"debug","message":"Converting with chrome HeadlessChrome/105.0.5173.0 using chrome-pool strategy","meta":{"rootId":"gycc2czilzq3gpr","id":"gycc2czilzq3gpr"},"id":"u7784609rfm5inx","previousOperationId":"huk84piwu3ehy9e"}
{"type":"log","timestamp":1676869957725,"level":"debug","message":"Page request: GET (document) file:///C:/Users/angelo/AppData/Local/Temp/jsreport/autocleanup/40f7236d-519b-4874-ae4d-f92a17fc43ef-chrome-pdf.html","meta":{"rootId":"gycc2czilzq3gpr","id":"gycc2czilzq3gpr"},"id":"4vyk17l9pi8i7pa","previousOperationId":"huk84piwu3ehy9e"}
{"type":"log","timestamp":1676869957813,"level":"debug","message":"Page request finished: GET (document) 200 file:///C:/Users/angelo/AppData/Local/Temp/jsreport/autocleanup/40f7236d-519b-4874-ae4d-f92a17fc43ef-chrome-pdf.html","meta":{"rootId":"gycc2czilzq3gpr","id":"gycc2czilzq3gpr"},"id":"y3n9pj4366tm6vi","previousOperationId":"huk84piwu3ehy9e"}
{"type":"log","timestamp":1676869957815,"level":"debug","message":"Page request: GET (script) file:///C:/Users/angelo/AppData/Local/Temp/jsreport/autocleanup/data.json","meta":{"rootId":"gycc2czilzq3gpr","id":"gycc2czilzq3gpr"},"id":"147vvkyqe25q5lp","previousOperationId":"huk84piwu3ehy9e"}
{"type":"log","timestamp":1676869957836,"level":"warn","message":"Page request failed: GET (script) file:///C:/Users/angelo/AppData/Local/Temp/jsreport/autocleanup/data.json, failure: net::ERR_ACCESS_DENIED","meta":{"rootId":"gycc2czilzq3gpr","id":"gycc2czilzq3gpr"},"id":"fbzv9fnhfxy8oqn","previousOperationId":"huk84piwu3ehy9e"}
{"type":"log","timestamp":1676869957838,"level":"debug","message":"(console:error) Failed to load resource: net::ERR_ACCESS_DENIED","meta":{"userLevel":true,"rootId":"gycc2czilzq3gpr","id":"gycc2czilzq3gpr"},"id":"t8kkr52iekzngg1","previousOperationId":"huk84piwu3ehy9e"}
{"type":"log","timestamp":1676869957840,"level":"warn","message":"Page error: ReferenceError: jsonData is not defined\n    at file:///C:/Users/angelo/AppData/Local/Temp/jsreport/autocleanup/40f7236d-519b-4874-ae4d-f92a17fc43ef-chrome-pdf.html:7:44","meta":{"rootId":"gycc2czilzq3gpr","id":"gycc2czilzq3gpr"},"id":"lw4r5tam3cllcuu","previousOperationId":"huk84piwu3ehy9e"}
{"type":"log","timestamp":1676869957841,"level":"warn","message":"Page error: ReferenceError: formattedData is not defined\n    at file:///C:/Users/angelo/AppData/Local/Temp/jsreport/autocleanup/40f7236d-519b-4874-ae4d-f92a17fc43ef-chrome-pdf.html:14:32","meta":{"rootId":"gycc2czilzq3gpr","id":"gycc2czilzq3gpr"},"id":"0z81m3kybqmo4v7","previousOperationId":"huk84piwu3ehy9e"}
{"type":"log","timestamp":1676869957981,"level":"debug","message":"Running chrome with params {\"timeout\":56798,\"margin\":{},\"printBackground\":true}","meta":{"rootId":"gycc2czilzq3gpr","id":"gycc2czilzq3gpr"},"id":"e2n9jw3573n64s6","previousOperationId":"huk84piwu3ehy9e"}
{"type":"operationEnd","operationId":"huk84piwu3ehy9e","timestamp":1676869959930,"id":"gxr013a5cdvsd25","previousEventId":"fxmis0nxmr67p5d","previousOperationId":"huk84piwu3ehy9e"}
{"type":"log","timestamp":1676869959932,"level":"debug","message":"Skipping storing report.","meta":{"rootId":"gycc2czilzq3gpr","id":"gycc2czilzq3gpr"},"id":"7lewrw7x0mhalp8","previousOperationId":"huk84piwu3ehy9e"}
{"type":"log","timestamp":1676869960025,"level":"info","message":"Rendering request 1 finished in 8965 ms","meta":{"rootId":"gycc2czilzq3gpr","id":"gycc2czilzq3gpr"},"id":"jrctnc0iaq645h6","previousOperationId":"huk84piwu3ehy9e"}
{"type":"operationEnd","subtype":"render","operationId":"1k8vc087i9kdxz5","timestamp":1676869960026,"id":"tane1j5afwfc9wi","previousEventId":"gxr013a5cdvsd25","previousOperationId":"huk84piwu3ehy9e"}
{"type":"operationEnd","doDiffs":false,"previousEventId":"pjsygji64zm0xe0","previousOperationId":"l57iiiix8c51blx","operationId":"l57iiiix8c51blx","timestamp":1676869960032,"id":"ei2tx8ljgmmulek"}
