{"type":"operationStart","subtype":"profile","data":{"_id":"28rrVQBDYXJymmuB","timestamp":"2023-02-20T07:43:32.548Z","state":"queued","mode":"standard","creationDate":"2023-02-20T07:43:32.556Z","modificationDate":"2023-02-20T07:43:32.556Z","shortid":"VUpzdVb","$entitySet":"profiles"},"doDiffs":false,"timestamp":1676879012554,"id":"o6y6qbmzexaojja","previousOperationId":null,"operationId":"xk99c5upgsif5be"}
{"type":"log","level":"info","message":"Render request 1 queued for execution and waiting for available worker","previousOperationId":"xk99c5upgsif5be","timestamp":1676879012555,"id":"svarcbl1ksu8kcs"}
{"type":"operationStart","subtype":"render","name":"anonymous","previousOperationId":"xk99c5upgsif5be","timestamp":1676879012623,"id":"wp5t7m5swve1f63","previousEventId":"o6y6qbmzexaojja","operationId":"3cm8h8g32uhgb0v"}
{"type":"log","timestamp":1676879012627,"level":"info","message":"Starting rendering request 1","meta":{"rootId":"mqshwub3p2mhdts","id":"mqshwub3p2mhdts"},"id":"9afrhncqninfj82","previousOperationId":"3cm8h8g32uhgb0v"}
{"type":"log","timestamp":1676879012631,"level":"info","message":"Rendering anonymous template { recipe: chrome-pdf, engine: handlebars }","meta":{"rootId":"mqshwub3p2mhdts","id":"mqshwub3p2mhdts"},"id":"u2gsu201rdf5f8x","previousOperationId":"3cm8h8g32uhgb0v"}
{"type":"log","timestamp":1676879012632,"level":"debug","message":"Inline data specified.","meta":{"rootId":"mqshwub3p2mhdts","id":"mqshwub3p2mhdts"},"id":"ii3z2gb1n4o4jo0","previousOperationId":"3cm8h8g32uhgb0v"}
{"type":"log","timestamp":1676879012655,"level":"debug","message":"Base url not specified, skipping its injection.","meta":{"rootId":"mqshwub3p2mhdts","id":"mqshwub3p2mhdts"},"id":"i4tn6xc4tymxeyt","previousOperationId":"3cm8h8g32uhgb0v"}
{"type":"operationStart","subtype":"engine","name":"handlebars","timestamp":1676879012659,"id":"jrfwtehk4xcgmv3","previousEventId":"wp5t7m5swve1f63","operationId":"2j8ajkjw4kcy93e","previousOperationId":"3cm8h8g32uhgb0v"}
{"type":"log","timestamp":1676879012659,"level":"debug","message":"Rendering engine handlebars","meta":{"rootId":"mqshwub3p2mhdts","id":"mqshwub3p2mhdts"},"id":"x0jxa7o9fi30rvv","previousOperationId":"2j8ajkjw4kcy93e"}
{"type":"operationEnd","operationId":"2j8ajkjw4kcy93e","timestamp":1676879014442,"id":"1h00smaiz36bda9","previousEventId":"jrfwtehk4xcgmv3","previousOperationId":"2j8ajkjw4kcy93e"}
{"type":"operationStart","subtype":"recipe","name":"chrome-pdf","timestamp":1676879014444,"id":"jsmbo904aq7uck0","previousEventId":"1h00smaiz36bda9","operationId":"5y8cux8htzty7l4","previousOperationId":"2j8ajkjw4kcy93e"}
{"type":"log","timestamp":1676879014444,"level":"debug","message":"Executing recipe chrome-pdf","meta":{"rootId":"mqshwub3p2mhdts","id":"mqshwub3p2mhdts"},"id":"7kphmlenbjjt6aj","previousOperationId":"5y8cux8htzty7l4"}
{"type":"log","timestamp":1676879016599,"level":"debug","message":"Converting with chrome HeadlessChrome/105.0.5173.0 using chrome-pool strategy","meta":{"rootId":"mqshwub3p2mhdts","id":"mqshwub3p2mhdts"},"id":"b4w4w5qexrpep6t","previousOperationId":"5y8cux8htzty7l4"}
{"type":"log","timestamp":1676879018017,"level":"debug","message":"Page request: GET (document) file:///C:/Users/angelo/AppData/Local/Temp/jsreport/autocleanup/614147ad-98f8-480f-938f-5799c960207b-chrome-pdf.html","meta":{"rootId":"mqshwub3p2mhdts","id":"mqshwub3p2mhdts"},"id":"6fasna5nfdf697t","previousOperationId":"5y8cux8htzty7l4"}
{"type":"log","timestamp":1676879018240,"level":"debug","message":"Page request finished: GET (document) 200 file:///C:/Users/angelo/AppData/Local/Temp/jsreport/autocleanup/614147ad-98f8-480f-938f-5799c960207b-chrome-pdf.html","meta":{"rootId":"mqshwub3p2mhdts","id":"mqshwub3p2mhdts"},"id":"zka0n7ma51n4zmt","previousOperationId":"5y8cux8htzty7l4"}
{"type":"log","timestamp":1676879018357,"level":"debug","message":"Running chrome with params {\"timeout\":57763,\"margin\":{},\"printBackground\":true}","meta":{"rootId":"mqshwub3p2mhdts","id":"mqshwub3p2mhdts"},"id":"caycaj44s2wojqe","previousOperationId":"5y8cux8htzty7l4"}
{"type":"operationEnd","operationId":"5y8cux8htzty7l4","timestamp":1676879018491,"id":"jbohoesaeshwopg","previousEventId":"jsmbo904aq7uck0","previousOperationId":"5y8cux8htzty7l4"}
{"type":"log","timestamp":1676879018493,"level":"debug","message":"Skipping storing report.","meta":{"rootId":"mqshwub3p2mhdts","id":"mqshwub3p2mhdts"},"id":"4rlml2rn6npvcp1","previousOperationId":"5y8cux8htzty7l4"}
{"type":"log","timestamp":1676879018500,"level":"info","message":"Rendering request 1 finished in 5954 ms","meta":{"rootId":"mqshwub3p2mhdts","id":"mqshwub3p2mhdts"},"id":"7pl1olg7l2e3chr","previousOperationId":"5y8cux8htzty7l4"}
{"type":"operationEnd","subtype":"render","operationId":"3cm8h8g32uhgb0v","timestamp":1676879018501,"id":"vfzp65qac2sd93q","previousEventId":"jbohoesaeshwopg","previousOperationId":"5y8cux8htzty7l4"}
{"type":"operationEnd","doDiffs":false,"previousEventId":"o6y6qbmzexaojja","previousOperationId":"xk99c5upgsif5be","operationId":"xk99c5upgsif5be","timestamp":1676879018505,"id":"0nbtzdhnemg9vqv"}
