{"type":"operationStart","subtype":"profile","data":{"_id":"RHzYSJfILfLklDNS","timestamp":"2023-02-20T08:39:18.691Z","state":"queued","mode":"standard","creationDate":"2023-02-20T08:39:18.700Z","modificationDate":"2023-02-20T08:39:18.700Z","shortid":"Lcl1kBf","$entitySet":"profiles"},"doDiffs":false,"timestamp":1676882358699,"id":"5fwsjzwh2iw73si","previousOperationId":null,"operationId":"38piw1oddmrnpdh"}
{"type":"log","level":"info","message":"Render request 1 queued for execution and waiting for available worker","previousOperationId":"38piw1oddmrnpdh","timestamp":1676882358699,"id":"8vr7ni9lxfqdha2"}
{"type":"operationStart","subtype":"render","name":"anonymous","previousOperationId":"38piw1oddmrnpdh","timestamp":1676882358766,"id":"00exyk5eqy8m3zx","previousEventId":"5fwsjzwh2iw73si","operationId":"33mnp3hyzn7ycb3"}
{"type":"log","timestamp":1676882358772,"level":"info","message":"Starting rendering request 1","meta":{"rootId":"xm6hmn89wgmpqw3","id":"xm6hmn89wgmpqw3"},"id":"ecqhur6i4j5riqd","previousOperationId":"33mnp3hyzn7ycb3"}
{"type":"log","timestamp":1676882358778,"level":"info","message":"Rendering anonymous template { recipe: chrome-pdf, engine: handlebars }","meta":{"rootId":"xm6hmn89wgmpqw3","id":"xm6hmn89wgmpqw3"},"id":"644w0d11j5700fo","previousOperationId":"33mnp3hyzn7ycb3"}
{"type":"log","timestamp":1676882358779,"level":"debug","message":"Inline data specified.","meta":{"rootId":"xm6hmn89wgmpqw3","id":"xm6hmn89wgmpqw3"},"id":"i31bolh08m4nc2f","previousOperationId":"33mnp3hyzn7ycb3"}
{"type":"log","timestamp":1676882358807,"level":"debug","message":"Base url not specified, skipping its injection.","meta":{"rootId":"xm6hmn89wgmpqw3","id":"xm6hmn89wgmpqw3"},"id":"2grab1rlkky8s4j","previousOperationId":"33mnp3hyzn7ycb3"}
{"type":"operationStart","subtype":"engine","name":"handlebars","timestamp":1676882358813,"id":"8eambbdpjwiank8","previousEventId":"00exyk5eqy8m3zx","operationId":"2oyr2ykccqns3vs","previousOperationId":"33mnp3hyzn7ycb3"}
{"type":"log","timestamp":1676882358813,"level":"debug","message":"Rendering engine handlebars","meta":{"rootId":"xm6hmn89wgmpqw3","id":"xm6hmn89wgmpqw3"},"id":"d3r47r32qiq7i7o","previousOperationId":"2oyr2ykccqns3vs"}
{"type":"operationEnd","operationId":"2oyr2ykccqns3vs","timestamp":1676882361722,"id":"fo7cnmh2w2d7ixk","previousEventId":"8eambbdpjwiank8","previousOperationId":"2oyr2ykccqns3vs"}
{"type":"operationStart","subtype":"recipe","name":"chrome-pdf","timestamp":1676882361730,"id":"vlncthj336ewi56","previousEventId":"fo7cnmh2w2d7ixk","operationId":"nlurmxmvpudizfx","previousOperationId":"2oyr2ykccqns3vs"}
{"type":"log","timestamp":1676882361730,"level":"debug","message":"Executing recipe chrome-pdf","meta":{"rootId":"xm6hmn89wgmpqw3","id":"xm6hmn89wgmpqw3"},"id":"vsevvziuqvkr9cx","previousOperationId":"nlurmxmvpudizfx"}
{"type":"log","timestamp":1676882364510,"level":"debug","message":"Converting with chrome HeadlessChrome/105.0.5173.0 using chrome-pool strategy","meta":{"rootId":"xm6hmn89wgmpqw3","id":"xm6hmn89wgmpqw3"},"id":"3sbojhqavjxz1js","previousOperationId":"nlurmxmvpudizfx"}
{"type":"log","timestamp":1676882365133,"level":"debug","message":"Page request: GET (document) file:///C:/Users/angelo/AppData/Local/Temp/jsreport/autocleanup/d8b4b101-48f6-4c57-9414-0af3f4342409-chrome-pdf.html","meta":{"rootId":"xm6hmn89wgmpqw3","id":"xm6hmn89wgmpqw3"},"id":"pkn9el9ng25x8di","previousOperationId":"nlurmxmvpudizfx"}
{"type":"log","timestamp":1676882365192,"level":"debug","message":"Page request finished: GET (document) 200 file:///C:/Users/angelo/AppData/Local/Temp/jsreport/autocleanup/d8b4b101-48f6-4c57-9414-0af3f4342409-chrome-pdf.html","meta":{"rootId":"xm6hmn89wgmpqw3","id":"xm6hmn89wgmpqw3"},"id":"7lk65zgu0t38wg4","previousOperationId":"nlurmxmvpudizfx"}
{"type":"log","timestamp":1676882365305,"level":"debug","message":"Running chrome with params {\"timeout\":56230,\"margin\":{},\"printBackground\":true}","meta":{"rootId":"xm6hmn89wgmpqw3","id":"xm6hmn89wgmpqw3"},"id":"1nbpl21ynq1zthd","previousOperationId":"nlurmxmvpudizfx"}
{"type":"operationEnd","operationId":"nlurmxmvpudizfx","timestamp":1676882365437,"id":"gg2xjno8r7snxy7","previousEventId":"vlncthj336ewi56","previousOperationId":"nlurmxmvpudizfx"}
{"type":"log","timestamp":1676882365439,"level":"debug","message":"Skipping storing report.","meta":{"rootId":"xm6hmn89wgmpqw3","id":"xm6hmn89wgmpqw3"},"id":"0xfl0sd6akw0oyc","previousOperationId":"nlurmxmvpudizfx"}
{"type":"log","timestamp":1676882365443,"level":"info","message":"Rendering request 1 finished in 6754 ms","meta":{"rootId":"xm6hmn89wgmpqw3","id":"xm6hmn89wgmpqw3"},"id":"vva9h8rgv4fucy3","previousOperationId":"nlurmxmvpudizfx"}
{"type":"operationEnd","subtype":"render","operationId":"33mnp3hyzn7ycb3","timestamp":1676882365443,"id":"3kp1u5pocs9zclg","previousEventId":"gg2xjno8r7snxy7","previousOperationId":"nlurmxmvpudizfx"}
{"type":"operationEnd","doDiffs":false,"previousEventId":"5fwsjzwh2iw73si","previousOperationId":"38piw1oddmrnpdh","operationId":"38piw1oddmrnpdh","timestamp":1676882365448,"id":"0ucrtjentadkof4"}
